[2023-07-18 18:46:48] Erros.CRITICAL: [2023-07-18 18:46:48] [500]: Restfull\View\Helper\FormHelper::input(): Argument #2 ($value) must be of type string, null given, called in C:\laragon\www\coneduco\vendor\rest-full\rest-full\src\View\Helper\FormHelper.php on line 315 in C:\laragon\www\coneduco\vendor\rest-full\rest-full\src\View\Helper\FormHelper.php on Line 326<br />  [] []
[2023-07-18 18:49:17] Erros.CRITICAL: [2023-07-18 18:49:17] [500]: Restfull\View\Helper\FormHelper::input(): Argument #2 ($value) must be of type string, null given, called in C:\laragon\www\coneduco\vendor\rest-full\rest-full\src\View\Helper\FormHelper.php on line 315 in C:\laragon\www\coneduco\vendor\rest-full\rest-full\src\View\Helper\FormHelper.php on Line 326<br />  [] []
[2023-07-18 19:00:48] Erros.CRITICAL: [2023-07-18 19:00:48] [500]: Restfull\View\Helper\FormHelper::input(): Argument #2 ($value) must be of type string, null given, called in C:\laragon\www\coneduco\vendor\rest-full\rest-full\src\View\Helper\FormHelper.php on line 315 in C:\laragon\www\coneduco\vendor\rest-full\rest-full\src\View\Helper\FormHelper.php on Line 326<br />  [] []
[2023-07-18 21:15:51] Erros.CRITICAL: [2023-07-18 21:15:51] [500]: array_key_exists(): Argument #2 ($array) must be of type array, null given in C:\laragon\www\coneduco\vendor\rest-full\rest-full\src\Route\Middleware\RouteMiddleware.php on Line 133<br />  [] []
[2023-07-18 23:56:03] Erros.ERROR: [2023-07-18 23:56:03] [400]: Curl callback not found. in C:\laragon\www\coneduco\vendor\rest-full\rest-full\src\Search\Search.php on Line 79<br />  [] []
[2023-07-19 00:19:37] Erros.ERROR: [2023-07-19 00:19:37] [400]: SQLSTATE[42S22]: Column not found: 1054 Unknown column 'consecutivelessons' in 'field list' in C:\laragon\www\coneduco\vendor\rest-full\rest-full\src\Database\Query.php on Line 82<br />  [] []
[2023-07-19 00:27:48] Erros.ERROR: [2023-07-19 00:27:48] [400]: SQLSTATE[42S22]: Column not found: 1054 Unknown column 'consecutivelessons' in 'field list' in C:\laragon\www\coneduco\vendor\rest-full\rest-full\src\Database\Query.php on Line 82<br />  [] []
[2023-07-19 05:53:39] Erros.ERROR: [2023-07-19 05:53:39] [400]: The concat(%s, " - ", %s, " - ", %s, " - ", %s) as names format or shiftsreleased.Array files are not equal. in C:\laragon\www\coneduco\vendor\rest-full\rest-full\src\Container\Instances.php on Line 372<br />  [] []
[2023-07-19 06:56:01] Erros.CRITICAL: [2023-07-19 06:56:01] [500]: Unsupported operand types: string % int in C:\laragon\www\coneduco\src\Template\Cadaster\Calendars\list.phtml on Line 295<br />  [] []
[2023-07-19 06:56:55] Erros.CRITICAL: [2023-07-19 06:56:55] [500]: Unsupported operand types: string % int in C:\laragon\www\coneduco\src\Template\Cadaster\Calendars\list.phtml on Line 295<br />  [] []
[2023-07-19 06:58:27] Erros.CRITICAL: [2023-07-19 06:58:27] [500]: Unsupported operand types: string % int in C:\laragon\www\coneduco\src\Template\Cadaster\Calendars\list.phtml on Line 295<br />  [] []
[2023-07-19 10:22:01] Erros.ERROR: [2023-07-19 10:22:01] [400]: The %s as durationoofeachlesson format or  files are not equal. in C:\laragon\www\coneduco\vendor\rest-full\rest-full\src\Container\Instances.php on Line 372<br />  [] []
[2023-07-19 10:27:46] Erros.ERROR: [2023-07-19 10:27:46] [400]: The %s as durationoofeachlesson format or  files are not equal. in C:\laragon\www\coneduco\vendor\rest-full\rest-full\src\Container\Instances.php on Line 372<br />  [] []
[2023-07-19 10:28:46] Erros.ERROR: [2023-07-19 10:28:46] [400]: The %s as durationoofeachlesson format or  files are not equal. in C:\laragon\www\coneduco\vendor\rest-full\rest-full\src\Container\Instances.php on Line 372<br />  [] []
[2023-07-19 10:29:23] Erros.CRITICAL: [2023-07-19 10:29:23] [500]: count(): Argument #1 ($value) must be of type Countable|array, null given in C:\laragon\www\coneduco\src\Controller\component\TableComponent.php on Line 817<br />  [] []
[2023-07-19 10:44:47] Erros.CRITICAL: [2023-07-19 10:44:47] [500]: count(): Argument #1 ($value) must be of type Countable|array, null given in C:\laragon\www\coneduco\src\Controller\component\TableComponent.php on Line 817<br />  [] []
[2023-07-19 10:48:55] Erros.CRITICAL: [2023-07-19 10:48:55] [500]: count(): Argument #1 ($value) must be of type Countable|array, null given in C:\laragon\www\coneduco\src\Controller\component\TableComponent.php on Line 817<br />  [] []
[2023-07-19 10:50:31] Erros.CRITICAL: [2023-07-19 10:50:31] [500]: count(): Argument #1 ($value) must be of type Countable|array, null given in C:\laragon\www\coneduco\src\Controller\component\TableComponent.php on Line 817<br />  [] []
[2023-07-20 18:02:16] Erros.CRITICAL: [2023-07-20 18:02:16] [500]: Call to undefined method App\Controller\Administrative\timesheetsController::count() in C:\laragon\www\coneduco\src\Controller\Administrative\TimesheetsController.php on Line 1165<br />  [] []
[2023-07-20 18:20:02] Erros.CRITICAL: [2023-07-20 18:20:02] [500]: Unclosed '[' does not match ')' in C:\laragon\www\coneduco\src\Template\Administrative\Timesheets\generator.phtml on Line 51<br />  [] []
[2023-07-20 18:20:42] Erros.CRITICAL: [2023-07-20 18:20:42] [500]: count(): Argument #1 ($value) must be of type Countable|array, null given in C:\laragon\www\coneduco\vendor\rest-full\rest-full\src\View\Helper\HtmlHelper.php on Line 396<br />  [] []
[2023-07-20 18:22:09] Erros.ERROR: [2023-07-20 18:22:09] [400]: SQLSTATE[42000]: Syntax error or access violation: 1064 You have an error in your SQL syntax; check the manual that corresponds to your MySQL server version for the right syntax to use near 'inner join shiftsreleased on  inner join shifts on shiftsreleased.idShift = shif' at line 1 in C:\laragon\www\coneduco\vendor\rest-full\rest-full\src\Database\Query.php on Line 202<br />  [] []
[2023-07-20 21:49:51] Erros.ERROR: [2023-07-20 21:49:51] [400]: SQLSTATE[42000]: Syntax error or access violation: 1064 You have an error in your SQL syntax; check the manual that corresponds to your MySQL server version for the right syntax to use near 'inner join shiftsreleased on  inner join shifts on shiftsreleased.idShift = shif' at line 1 in C:\laragon\www\coneduco\vendor\rest-full\rest-full\src\Database\Query.php on Line 202<br />  [] []
[2023-07-20 22:04:31] Erros.CRITICAL: [2023-07-20 22:04:31] [500]: count(): Argument #1 ($value) must be of type Countable|array, null given in C:\laragon\www\coneduco\vendor\rest-full\rest-full\src\View\Helper\HtmlHelper.php on Line 394<br />  [] []
[2023-07-20 22:04:47] Erros.CRITICAL: [2023-07-20 22:04:47] [500]: count(): Argument #1 ($value) must be of type Countable|array, null given in C:\laragon\www\coneduco\vendor\rest-full\rest-full\src\View\Helper\HtmlHelper.php on Line 395<br />  [] []
[2023-07-20 22:07:43] Erros.CRITICAL: [2023-07-20 22:07:43] [500]: count(): Argument #1 ($value) must be of type Countable|array, null given in C:\laragon\www\coneduco\vendor\rest-full\rest-full\src\View\Helper\HtmlHelper.php on Line 397<br />  [] []
[2023-07-22 20:35:29] Erros.CRITICAL: [2023-07-22 20:35:29] [500]: syntax error, unexpected token "}" in C:\laragon\www\coneduco\src\Controller\Definitions\SystemConfigurationsController.php on Line 215<br />  [] []
[2023-07-22 20:35:31] Erros.CRITICAL: [2023-07-22 20:35:31] [500]: syntax error, unexpected token "}" in C:\laragon\www\coneduco\src\Controller\Definitions\SystemConfigurationsController.php on Line 215<br />  [] []
[2023-07-25 03:54:53] Erros.ERROR: [2023-07-25 03:54:53] [400]: This enrollments+list route not exit. in C:\laragon\www\coneduco\vendor\rest-full\rest-full\src\Http\Response.php on Line 254<br />  [] []
[2023-07-25 22:49:14] Erros.ERROR: [2023-07-25 22:49:14] [400]: This assigntheachers table does not exist in the coneduco database. in C:\laragon\www\coneduco\vendor\rest-full\rest-full\src\ORM\TableRegistry.php on Line 123<br />  [] []
[2023-07-25 22:57:09] Erros.ERROR: [2023-07-25 22:57:09] [400]: SQLSTATE[42000]: Syntax error or access violation: 1064 You have an error in your SQL syntax; check the manual that corresponds to your MySQL server version for the right syntax to use near 'inner join disciplinesoffered on  inner join disciplines on disciplinesoffered.i' at line 1 in C:\laragon\www\coneduco\vendor\rest-full\rest-full\src\Database\Query.php on Line 202<br />  [] []
[2023-07-26 00:52:38] Erros.ERROR: [2023-07-26 00:52:38] [400]: SQLSTATE[42000]: Syntax error or access violation: 1064 You have an error in your SQL syntax; check the manual that corresponds to your MySQL server version for the right syntax to use near 'inner join shiftsreleased on  inner join shifts on shiftsreleased.idShift = shif' at line 1 in C:\laragon\www\coneduco\vendor\rest-full\rest-full\src\Database\Query.php on Line 202<br />  [] []
[2023-07-26 17:00:22] Erros.ERROR: [2023-07-26 17:00:22] [400]: SQLSTATE[42S22]: Column not found: 1054 Unknown column 'year.id' in 'field list' in C:\laragon\www\coneduco\vendor\rest-full\rest-full\src\Database\Query.php on Line 202<br />  [] []
[2023-07-26 17:32:57] Erros.ERROR: [2023-07-26 17:32:57] [400]: SQLSTATE[42000]: Syntax error or access violation: 1064 You have an error in your SQL syntax; check the manual that corresponds to your MySQL server version for the right syntax to use near 'inner join shifts on shiftsreleased.idShift = shifts.id inner join years on shif' at line 1 in C:\laragon\www\coneduco\vendor\rest-full\rest-full\src\Database\Query.php on Line 202<br />  [] []
[2023-07-26 17:35:09] Erros.ERROR: [2023-07-26 17:35:09] [400]: SQLSTATE[42000]: Syntax error or access violation: 1064 You have an error in your SQL syntax; check the manual that corresponds to your MySQL server version for the right syntax to use near 'inner join shifts on shiftsreleased.idShift = shifts.id inner join years on shif' at line 1 in C:\laragon\www\coneduco\vendor\rest-full\rest-full\src\Database\Query.php on Line 202<br />  [] []
[2023-07-26 17:35:35] Erros.ERROR: [2023-07-26 17:35:35] [400]: SQLSTATE[42S22]: Column not found: 1054 Unknown column 'shiftreleased.id' in 'on clause' in C:\laragon\www\coneduco\vendor\rest-full\rest-full\src\Database\Query.php on Line 202<br />  [] []
[2023-07-28 12:43:19] Erros.ERROR: [2023-07-28 12:43:19] [400]: SQLSTATE[42S22]: Column not found: 1054 Unknown column 'rules.search' in 'where clause' in C:\laragon\www\coneduco\vendor\rest-full\rest-full\src\Database\Query.php on Line 202<br />  [] []
[2023-07-28 12:50:16] Erros.ERROR: [2023-07-28 12:50:16] [400]: SQLSTATE[42S22]: Column not found: 1054 Unknown column 'rules.search' in 'where clause' in C:\laragon\www\coneduco\vendor\rest-full\rest-full\src\Database\Query.php on Line 202<br />  [] []
[2023-07-28 12:53:18] Erros.ERROR: [2023-07-28 12:53:18] [400]: SQLSTATE[42S22]: Column not found: 1054 Unknown column 'rules.search' in 'where clause' in C:\laragon\www\coneduco\vendor\rest-full\rest-full\src\Database\Query.php on Line 202<br />  [] []
[2023-07-28 15:30:56] Erros.ERROR: [2023-07-28 15:30:56] [400]: SQLSTATE[42000]: Syntax error or access violation: 1064 You have an error in your SQL syntax; check the manual that corresponds to your MySQL server version for the right syntax to use near 'asc' at line 1 in C:\laragon\www\coneduco\vendor\rest-full\rest-full\src\Database\Query.php on Line 202<br />  [] []
[2023-07-28 15:31:27] Erros.ERROR: [2023-07-28 15:31:27] [400]: SQLSTATE[42000]: Syntax error or access violation: 1064 You have an error in your SQL syntax; check the manual that corresponds to your MySQL server version for the right syntax to use near 'inner join shiftsreleased on classes.idShiftreleased = shiftsreleased.id inner j' at line 1 in C:\laragon\www\coneduco\vendor\rest-full\rest-full\src\Database\Query.php on Line 202<br />  [] []
[2023-07-28 16:04:47] Erros.ERROR: [2023-07-28 16:04:47] [400]: SQLSTATE[42S22]: Column not found: 1054 Unknown column 'personaldata.nomecomplet' in 'field list' in C:\laragon\www\coneduco\vendor\rest-full\rest-full\src\Database\Query.php on Line 202<br />  [] []
[2023-07-28 16:05:21] Erros.ERROR: [2023-07-28 16:05:21] [400]: SQLSTATE[42S22]: Column not found: 1054 Unknown column 'studentdocuments.idNecessarydocument' in 'on clause' in C:\laragon\www\coneduco\vendor\rest-full\rest-full\src\Database\Query.php on Line 202<br />  [] []
[2023-07-28 16:08:15] Erros.ERROR: [2023-07-28 16:08:15] [400]: SQLSTATE[42S22]: Column not found: 1054 Unknown column 'disciplines.name' in 'field list' in C:\laragon\www\coneduco\vendor\rest-full\rest-full\src\Database\Query.php on Line 202<br />  [] []
[2023-07-28 16:12:10] Erros.ERROR: [2023-07-28 16:12:10] [400]: SQLSTATE[42S22]: Column not found: 1054 Unknown column 'disciplines.name' in 'field list' in C:\laragon\www\coneduco\vendor\rest-full\rest-full\src\Database\Query.php on Line 202<br />  [] []
[2023-07-28 16:17:58] Erros.ERROR: [2023-07-28 16:17:58] [400]: SQLSTATE[42S22]: Column not found: 1054 Unknown column 'studenthistories.idSeriereleased' in 'on clause' in C:\laragon\www\coneduco\vendor\rest-full\rest-full\src\Database\Query.php on Line 202<br />  [] []
[2023-07-28 16:20:00] Erros.ERROR: [2023-07-28 16:20:00] [400]: SQLSTATE[42S22]: Column not found: 1054 Unknown column 'studenthistories.idWhatinstitutiondidyoucomefrom' in 'on clause' in C:\laragon\www\coneduco\vendor\rest-full\rest-full\src\Database\Query.php on Line 202<br />  [] []
[2023-07-28 16:23:32] Erros.ERROR: [2023-07-28 16:23:32] [400]: SQLSTATE[42S22]: Column not found: 1054 Unknown column 'studenthistories.idWhatinstitutiondidyoucomefrom' in 'on clause' in C:\laragon\www\coneduco\vendor\rest-full\rest-full\src\Database\Query.php on Line 202<br />  [] []
[2023-07-28 16:48:12] Erros.ERROR: [2023-07-28 16:48:12] [400]: The %s format or  files are not equal. in C:\laragon\www\coneduco\vendor\rest-full\rest-full\src\Container\Instances.php on Line 372<br />  [] []
[2023-07-28 16:49:21] Erros.ERROR: [2023-07-28 16:49:21] [400]: The %s format or  files are not equal. in C:\laragon\www\coneduco\vendor\rest-full\rest-full\src\Container\Instances.php on Line 372<br />  [] []
[2023-07-28 16:56:28] Erros.ERROR: [2023-07-28 16:56:28] [400]: The %s format or  files are not equal. in C:\laragon\www\coneduco\vendor\rest-full\rest-full\src\Container\Instances.php on Line 372<br />  [] []
[2023-07-28 16:59:25] Erros.ERROR: [2023-07-28 16:59:25] [400]: The %s format or  files are not equal. in C:\laragon\www\coneduco\vendor\rest-full\rest-full\src\Container\Instances.php on Line 372<br />  [] []
[2023-07-28 17:02:33] Erros.ERROR: [2023-07-28 17:02:32] [400]: SQLSTATE[42S22]: Column not found: 1054 Unknown column 'pesonaldata1.namecomplet' in 'field list' in C:\laragon\www\coneduco\vendor\rest-full\rest-full\src\Database\Query.php on Line 202<br />  [] []
[2023-08-03 12:21:14] Erros.ERROR: [2023-08-03 12:21:14] [400]: The value of the option variable is an array and must be a string. in C:\laragon\www\coneduco\vendor\rest-full\rest-full\src\View\Helper.php on Line 252<br />  [] []
[2023-08-03 12:38:42] Erros.ERROR: [2023-08-03 12:38:42] [400]: The value of the option variable is an array and must be a string. in C:\laragon\www\coneduco\vendor\rest-full\rest-full\src\View\Helper.php on Line 252<br />  [] []
[2023-08-03 12:39:52] Erros.ERROR: [2023-08-03 12:39:52] [400]: The value of the option variable is an array and must be a string. in C:\laragon\www\coneduco\vendor\rest-full\rest-full\src\View\Helper.php on Line 252<br />  [] []
[2023-08-03 12:52:01] Erros.ERROR: [2023-08-03 12:52:01] [400]: The value of the option variable is an array and must be a string. in C:\laragon\www\coneduco\vendor\rest-full\rest-full\src\View\Helper.php on Line 252<br />  [] []
[2023-08-03 13:20:54] Erros.ERROR: [2023-08-03 13:20:54] [400]: The %s format or  files are not equal. in C:\laragon\www\coneduco\vendor\rest-full\rest-full\src\Container\Instances.php on Line 372<br />  [] []
[2023-08-03 13:21:38] Erros.ERROR: [2023-08-03 13:21:38] [400]: SQLSTATE[42S22]: Column not found: 1054 Unknown column 'personaldata.name' in 'field list' in C:\laragon\www\coneduco\vendor\rest-full\rest-full\src\Database\Query.php on Line 202<br />  [] []
[2023-08-03 13:26:18] Erros.ERROR: [2023-08-03 13:26:18] [400]: The value of the lebel variable is an array and must be a string. in C:\laragon\www\coneduco\vendor\rest-full\rest-full\src\View\Helper.php on Line 252<br />  [] []
[2023-08-03 14:26:00] Erros.ERROR: [2023-08-03 14:26:00] [400]: The value of the lebel variable is an array and must be a string. in C:\laragon\www\coneduco\vendor\rest-full\rest-full\src\View\Helper.php on Line 252<br />  [] []
